2022-02-14 15:56: PDFToolBoxProcessor - Connected to MongoDB
2022-02-14 15:56: PDFToolBoxProcessor - SERVER IS RUNNING ON PORT: 8000!
2022-02-14 15:56: PDFToolBoxProcessor - Connected to MongoDB
2022-02-14 15:56: PDFToolBoxProcessor - SERVER IS RUNNING ON PORT: 8000!
2022-02-14 15:57: TASK NOT FOUND IN QUEUE.
2022-02-14 15:57: TASK NOT FOUND IN QUEUE.
2022-02-14 15:57: PDFToolBoxProcessor - Connected to MongoDB
2022-02-14 15:57: PDFToolBoxProcessor - SERVER IS RUNNING ON PORT: 8000!
2022-02-14 15:57: TASK NOT FOUND IN QUEUE.
2022-02-14 15:57: TASK NOT FOUND IN QUEUE.
2022-02-14 15:57: PDFToolBoxProcessor - Connected to MongoDB
2022-02-14 15:57: PDFToolBoxProcessor - SERVER IS RUNNING ON PORT: 8000!
2022-02-14 15:57: TASK NOT FOUND IN QUEUE.
2022-02-14 15:57: TASK NOT FOUND IN QUEUE.
2022-02-14 15:58: TASK NOT FOUND IN QUEUE.
2022-02-14 15:58: TASK NOT FOUND IN QUEUE.
2022-02-14 15:58: PDFToolBoxProcessor - Connected to MongoDB
2022-02-14 15:58: PDFToolBoxProcessor - SERVER IS RUNNING ON PORT: 8000!
2022-02-14 15:58: TASK NOT FOUND IN QUEUE.
2022-02-14 15:58: 1 QUEUE SIZE
2022-02-14 15:58: FROM ELSE
2022-02-14 15:58: POST /api/v1/store/payload 201 439 - 37.665 ms
2022-02-14 15:58: 2 QUEUE SIZE
2022-02-14 15:58: FROM ELSE
2022-02-14 15:58: POST /api/v1/store/payload 201 439 - 79.005 ms
2022-02-14 15:58: 3 QUEUE SIZE
2022-02-14 15:58: FROM ELSE
2022-02-14 15:58: POST /api/v1/store/payload 201 439 - 12.533 ms
2022-02-14 15:58: 4 QUEUE SIZE
2022-02-14 15:58: FROM IF
2022-02-14 15:58: POST /api/v1/store/payload 201 439 - 22.483 ms
2022-02-14 15:58: PROCESSING....
2022-02-14 15:58: PROCESSING....
2022-02-14 15:59: PROCESSING....
2022-02-14 15:59: PROCESSING....
2022-02-14 15:59: PROCESSING....
2022-02-14 15:59: PROCESSING....
2022-02-14 15:59: TASK NOT FOUND IN QUEUE.
2022-02-14 15:59: TASK NOT FOUND IN QUEUE.
2022-02-14 16:00: TASK NOT FOUND IN QUEUE.
2022-02-14 16:00: TASK NOT FOUND IN QUEUE.
2022-02-14 16:00: TASK NOT FOUND IN QUEUE.
2022-02-14 16:00: TASK NOT FOUND IN QUEUE.
2022-02-14 16:00: TASK NOT FOUND IN QUEUE.
2022-02-14 16:00: TASK NOT FOUND IN QUEUE.
2022-02-14 16:01: TASK NOT FOUND IN QUEUE.
2022-02-14 16:01: TASK NOT FOUND IN QUEUE.
2022-02-14 16:01: 1 QUEUE SIZE
2022-02-14 16:01: FROM ELSE
2022-02-14 16:01: POST /api/v1/store/payload 201 439 - 12.195 ms
2022-02-14 16:01: 2 QUEUE SIZE
2022-02-14 16:01: FROM ELSE
2022-02-14 16:01: POST /api/v1/store/payload 201 439 - 23.720 ms
2022-02-14 16:01: 3 QUEUE SIZE
2022-02-14 16:01: FROM ELSE
2022-02-14 16:01: POST /api/v1/store/payload 201 439 - 29.322 ms
2022-02-14 16:01: 4 QUEUE SIZE
2022-02-14 16:01: FROM IF
2022-02-14 16:01: POST /api/v1/store/payload 201 439 - 15.424 ms
2022-02-14 16:01: PROCESSING....
2022-02-14 16:01: PROCESSING....
2022-02-14 16:01: PROCESSING....
2022-02-14 16:01: PROCESSING....
2022-02-14 16:02: PROCESSING....
2022-02-14 16:02: PROCESSING....
2022-02-14 16:02: PROCESSING....
2022-02-14 16:02: PROCESSING....
2022-02-14 16:02: TASK NOT FOUND IN QUEUE.
2022-02-14 16:02: TASK NOT FOUND IN QUEUE.
2022-02-14 16:03: TASK NOT FOUND IN QUEUE.
2022-02-14 16:03: TASK NOT FOUND IN QUEUE.
2022-02-14 16:03: TASK NOT FOUND IN QUEUE.
2022-02-14 16:03: TASK NOT FOUND IN QUEUE.
2022-02-14 16:03: TASK NOT FOUND IN QUEUE.
2022-02-14 16:03: TASK NOT FOUND IN QUEUE.
2022-02-14 16:04: TASK NOT FOUND IN QUEUE.
2022-02-14 16:04: TASK NOT FOUND IN QUEUE.
2022-02-14 16:04: TASK NOT FOUND IN QUEUE.
2022-02-16 16:31: PDFToolBoxProcessor - Connected to MongoDB
2022-02-16 16:31: PDFToolBoxProcessor - SERVER IS RUNNING ON PORT: 8000!
2022-02-16 16:31: PDFToolBoxProcessor - Connected to MongoDB
2022-02-16 16:31: PDFToolBoxProcessor - SERVER IS RUNNING ON PORT: 8000!
2022-02-16 16:31: TASK NOT FOUND IN QUEUE.
2022-02-16 16:31: TASK NOT FOUND IN QUEUE.
2022-02-16 16:31: TASK NOT FOUND IN QUEUE.
2022-02-16 16:31: TASK NOT FOUND IN QUEUE.
2022-02-16 16:31: TASK NOT FOUND IN QUEUE.
2022-02-16 16:31: TASK NOT FOUND IN QUEUE.
2022-02-16 16:31: PDFToolBoxProcessor - Connected to MongoDB
2022-02-16 16:31: PDFToolBoxProcessor - SERVER IS RUNNING ON PORT: 8000!
2022-02-16 16:31: PDFToolBoxProcessor - Connected to MongoDB
2022-02-16 16:31: PDFToolBoxProcessor - SERVER IS RUNNING ON PORT: 8000!
2022-02-16 16:31: PDFToolBoxProcessor - Connected to MongoDB
2022-02-16 16:31: PDFToolBoxProcessor - SERVER IS RUNNING ON PORT: 8000!
2022-02-16 16:31: TASK NOT FOUND IN QUEUE.
2022-02-16 16:31: TASK NOT FOUND IN QUEUE.
